<?xml version="1.0" encoding="UTF-8"?>
<!-- Generated by org.testng.reporters.JUnitReportReporter -->
<testsuite skipped="0" hostname="MySystem" name="Examples.Admin" tests="1" failures="0" timestamp="28 May 2019 16:18:25 GMT" time="0.000" errors="0">
  <testcase name="emp" time="0.000" classname="Examples.Admin"/>
</testsuite> <!-- Examples.Admin -->
