<?xml version="1.0" encoding="UTF-8"?>
<!-- Generated by org.testng.reporters.JUnitReportReporter -->
<testsuite skipped="0" hostname="MySystem" name="Examples.Login" tests="1" failures="0" timestamp="28 May 2019 16:18:25 GMT" time="0.016" errors="0">
  <testcase name="logout" time="0.016" classname="Examples.Login"/>
</testsuite> <!-- Examples.Login -->
