<?xml version="1.0" encoding="UTF-8"?>
<!-- Generated by org.testng.reporters.JUnitReportReporter -->
<testsuite skipped="0" hostname="MySystem" name="Examples.search" tests="2" failures="0" timestamp="28 May 2019 16:18:25 GMT" time="0.075" errors="0">
  <testcase name="m1" time="0.016" classname="Examples.search"/>
  <testcase name="m" time="0.059" classname="Examples.search"/>
</testsuite> <!-- Examples.search -->
